build/outputs/apk/manifest-merger-debug-report.txt
-- Merging decision tree log ---
manifest
ADDED from AndroidManifest.xml:2:1
	xmlns:android
		ADDED from AndroidManifest.xml:2:11
	package
		ADDED from AndroidManifest.xml:3:11
	android:versionName
		ADDED from AndroidManifest.xml:5:11
	android:versionCode
		ADDED from AndroidManifest.xml:4:11
		INJECTED from AndroidManifest.xml:0:0
		INJECTED from AndroidManifest.xml:0:0
uses-sdk
ADDED from AndroidManifest.xml:7:3
	android:targetSdkVersion
		ADDED from AndroidManifest.xml:9:7
		INJECTED from AndroidManifest.xml:0:0
		INJECTED from AndroidManifest.xml:0:0
	android:minSdkVersion
		ADDED from AndroidManifest.xml:8:7
		INJECTED from AndroidManifest.xml:0:0
		INJECTED from AndroidManifest.xml:0:0
uses-permission#android.permission.BLUETOOTH
ADDED from AndroidManifest.xml:12:3
	android:name
		ADDED from AndroidManifest.xml:12:20
uses-permission#android.permission.BLUETOOTH_ADMIN
ADDED from AndroidManifest.xml:13:3
	android:name
		ADDED from AndroidManifest.xml:13:20
uses-feature#android.hardware.bluetooth_le
ADDED from AndroidManifest.xml:16:3
	android:required
		ADDED from AndroidManifest.xml:16:62
	android:name
		ADDED from AndroidManifest.xml:16:17
application
ADDED from AndroidManifest.xml:18:3
	android:label
		ADDED from AndroidManifest.xml:19:7
	android:theme
		ADDED from AndroidManifest.xml:20:7
activity#com.estimote.examples.demos.AllDemosActivity
ADDED from AndroidManifest.xml:22:5
	android:screenOrientation
		ADDED from AndroidManifest.xml:25:9
	android:label
		ADDED from AndroidManifest.xml:24:9
	android:name
		ADDED from AndroidManifest.xml:23:9
intent-filter#android.intent.action.MAIN+android.intent.category.LAUNCHER
ADDED from AndroidManifest.xml:26:7
action#android.intent.action.MAIN
ADDED from AndroidManifest.xml:27:9
	android:name
		ADDED from AndroidManifest.xml:27:17
category#android.intent.category.LAUNCHER
ADDED from AndroidManifest.xml:28:9
	android:name
		ADDED from AndroidManifest.xml:28:19
activity#com.estimote.examples.demos.ListBeaconsActivity
ADDED from AndroidManifest.xml:32:5
	android:screenOrientation
		ADDED from AndroidManifest.xml:35:9
	android:label
		ADDED from AndroidManifest.xml:34:9
	android:name
		ADDED from AndroidManifest.xml:33:9
activity#com.estimote.examples.demos.DistanceBeaconActivity
ADDED from AndroidManifest.xml:37:5
	android:screenOrientation
		ADDED from AndroidManifest.xml:39:15
	android:label
		ADDED from AndroidManifest.xml:38:15
	android:name
		ADDED from AndroidManifest.xml:37:15
activity#com.estimote.examples.demos.NotifyDemoActivity
ADDED from AndroidManifest.xml:41:5
	android:screenOrientation
		ADDED from AndroidManifest.xml:43:15
	android:label
		ADDED from AndroidManifest.xml:42:15
	android:name
		ADDED from AndroidManifest.xml:41:15
activity#com.estimote.examples.demos.CharacteristicsDemoActivity
ADDED from AndroidManifest.xml:45:5
	android:screenOrientation
		ADDED from AndroidManifest.xml:47:15
	android:label
		ADDED from AndroidManifest.xml:46:15
	android:name
		ADDED from AndroidManifest.xml:45:15
service#com.estimote.sdk.service.BeaconService
ADDED from AndroidManifest.xml:50:5
	android:exported
		ADDED from AndroidManifest.xml:51:14
	android:name
		ADDED from AndroidManifest.xml:50:14